<?xml version="1.0" encoding="UTF-8"?>
<testsuites name="20260415_123025" timestamp="2026-04-15T12:30:31" time="1693.153" tests="21" errors="0">
  <testsuite id="1" name="searchForProject" package="searchForProject" hostname="ALIPL3233.LOCAL" timestamp="2026-04-15T12:30:31" time="1690.443" tests="21" errors="0">
    <properties>
      <property name="Run From" value="ALIPL3233.LOCAL" />
      <property name="Run OS" value="aarch64 Mac OS X 26.4.1" />
      <property name="Run User" value="sarathkumarnidumolu" />
      <property name="Iteration" value="1 of 1" />
      <property name="Script" value="searchForProject.xlsx" />
      <property name="Logs" value="../logs/nexial-20260415_123025.log" />
      <property name="Data File" value="searchForProject.data.xlsx" />
      <property name="DataSheet(s)" value="#default" />
      <property name="runtime args" value="-script /Users/sarathkumarnidumolu/Hubexo/artifact/script/searchForProject.xlsx -override nexial.recordingAutostart=execution" />
    </properties>
    <testcase id="Login" name="Login" classname="TransportationbasedprojectSearc" timestamp="2026-04-15T12:30:32" time="1689.418">
      <system-out>Total : 8
Passed: 8
Failed: 0
Output: /Users/sarathkumarnidumolu/Hubexo/output/20260415_123025/searchForProject.20260415_123031.001.xlsx
Logs  : ../nexial-20260415_123025.log</system-out>
    </testcase>
    <testcase id="Enter Search Criteria" name="Enter Search Criteria" classname="TransportationbasedprojectSearc" timestamp="2026-04-15T12:35:33" time="1388.584">
      <system-out>Total : 11
Passed: 11
Failed: 0
Output: /Users/sarathkumarnidumolu/Hubexo/output/20260415_123025/searchForProject.20260415_123031.001.xlsx
Logs  : ../nexial-20260415_123025.log</system-out>
    </testcase>
    <testcase id="Navigate Page" name="Navigate Page" classname="TransportationbasedprojectSearc" timestamp="2026-04-15T12:55:08" time="214.197">
      <system-out>Total : 2
Passed: 2
Failed: 0
Output: /Users/sarathkumarnidumolu/Hubexo/output/20260415_123025/searchForProject.20260415_123031.001.xlsx
Logs  : ../nexial-20260415_123025.log</system-out>
    </testcase>
  </testsuite>
</testsuites>
